<?xml version="1.0" encoding="UTF-8"?>
<!-- Generated by org.testng.reporters.JUnitReportReporter -->
<testsuite hostname="LAPTOP-E80ADI57" name="E2EFramework.ValidateContactNavigation" tests="1" failures="0" timestamp="23 Oct 2018 00:31:50 GMT" time="0.084" errors="0">
  <testcase name="basePageNavigation" time="0.084" classname="E2EFramework.ValidateContactNavigation"/>
</testsuite> <!-- E2EFramework.ValidateContactNavigation -->
