<?xml version="1.0" encoding="UTF-8"?>
<!-- Generated by org.testng.reporters.JUnitReportReporter -->
<testsuite hostname="LAPTOP-E80ADI57" name="E2EFramework.HomePage" tests="2" failures="0" timestamp="23 Oct 2018 00:31:50 GMT" time="18.750" errors="0">
  <testcase name="basePageNavigation" time="5.459" classname="E2EFramework.HomePage"/>
  <testcase name="basePageNavigation" time="13.291" classname="E2EFramework.HomePage"/>
</testsuite> <!-- E2EFramework.HomePage -->
