<?xml version="1.0" encoding="UTF-8"?>
<!-- Generated by org.testng.reporters.JUnitReportReporter -->
<testsuite hostname="LAPTOP-E80ADI57" name="E2EFramework.HomePage" tests="2" failures="0" timestamp="24 Oct 2018 22:49:39 GMT" time="25.308" errors="0">
  <testcase name="basePageNavigation" time="11.452" classname="E2EFramework.HomePage"/>
  <testcase name="basePageNavigation" time="13.856" classname="E2EFramework.HomePage"/>
</testsuite> <!-- E2EFramework.HomePage -->
